17868457605,18839074540,2019-07-26 03:49:13,0542,1,曹红恋,焦秋菊
19877232369,15133295266,2019-07-29 03:09:26,3027,1,何翠柔,许婵
14473548449,15133295266,2019-10-01 05:59:55,2259,1,陶欣悦,许婵
14473548449,18411925860,2019-08-05 02:54:30,1673,1,陶欣悦,仰莉
19335715448,18839074540,2019-07-31 01:49:52,2510,1,魏明艳,焦秋菊
15369468720,19335715448,2019-07-22 05:19:24,2311,1,李雁,魏明艳
19879419704,18706287692,2019-07-07 06:30:19,2878,1,吕访琴,钱溶艳
15490732767,17519874292,2019-09-15 03:04:40,3342,1,吕柔,卫丹
15490732767,19879419704,2019-08-01 07:43:56,1351,1,吕柔,吕访琴
17868457605,19879419704,2019-07-10 12:46:31,3022,1,曹红恋,吕访琴
18944239644,14473548449,2019-09-28 01:23:03,2997,1,钱琳,陶欣悦
18839074540,18411925860,2019-07-25 05:03:55,1753,1,焦秋菊,仰莉
19877232369,15133295266,2019-09-25 09:47:41,1668,1,何翠柔,许婵
17868457605,19920860202,2019-09-10 01:16:26,2964,1,曹红恋,卫艺
18706287692,19877232369,2019-09-18 03:22:59,0632,1,钱溶艳,何翠柔
17519874292,17325302007,2019-08-19 12:39:51,1377,1,卫丹,缪静欣
14473548449,18411925860,2019-09-01 01:37:37,1649,1,陶欣悦,仰莉
15178485516,18503558939,2019-07-09 06:54:09,0275,1,戚丽红,华贞
15369468720,15133295266,2019-08-09 09:25:29,3280,1,李雁,许婵
18503558939,19877232369,2019-09-12 12:32:04,2460,1,华贞,何翠柔
15369468720,15133295266,2019-08-18 05:46:02,0346,1,李雁,许婵
15133295266,18839074540,2019-08-20 04:20:03,1786,1,许婵,焦秋菊
15064972307,13407209608,2019-07-05 01:28:02,2633,1,冯怜云,华啟倩
18503558939,19877232369,2019-09-21 12:51:52,2967,1,华贞,何翠柔
18411925860,18503558939,2019-09-05 10:22:41,0732,1,仰莉,华贞
16480981069,18302820904,2019-08-27 12:51:27,1529,1,沈丹,孙怡
15178485516,15596505995,2019-07-25 06:10:29,1091,1,戚丽红,仲采绿
19877232369,14473548449,2019-09-17 09:48:01,1093,1,何翠柔,陶欣悦
15178485516,17868457605,2019-07-19 09:54:17,3050,1,戚丽红,曹红恋
18706287692,18411925860,2019-07-26 02:48:41,3289,1,钱溶艳,仰莉
18749966182,15596505995,2019-08-29 09:43:37,3434,1,施梅梅,仲采绿
18411925860,15596505995,2019-09-23 02:01:48,2379,1,仰莉,仲采绿
14473548449,18749966182,2019-07-07 11:59:38,2114,1,陶欣悦,施梅梅
15064972307,19879419704,2019-07-23 12:40:43,3434,1,冯怜云,吕访琴
15369468720,15064972307,2019-07-29 12:49:40,0847,1,李雁,冯怜云
15178485516,15064972307,2019-07-29 11:56:49,1034,1,戚丽红,冯怜云
17325302007,18944239644,2019-08-19 09:21:29,2992,1,缪静欣,钱琳
17868457605,15490732767,2019-08-10 10:51:52,0341,1,曹红恋,吕柔
18503558939,18839074540,2019-09-30 07:45:51,1029,1,华贞,焦秋菊
17325302007,16480981069,2019-08-04 07:50:07,0489,1,缪静欣,沈丹
16480981069,19879419704,2019-07-24 09:03:29,3461,1,沈丹,吕访琴
19379884788,15064972307,2019-07-24 12:45:24,1747,1,金虹霖,冯怜云
18411925860,16480981069,2019-09-23 07:21:42,0448,1,仰莉,沈丹
15064972307,18944239644,2019-07-12 08:17:55,0208,1,冯怜云,钱琳
19877232369,19879419704,2019-07-11 12:23:03,1364,1,何翠柔,吕访琴
19379884788,19877232369,2019-09-29 06:50:00,0838,1,金虹霖,何翠柔
18302820904,19379884788,2019-09-16 07:56:56,2451,1,孙怡,金虹霖
18302820904,19335715448,2019-09-23 03:29:53,1171,1,孙怡,魏明艳
18503558939,17868457605,2019-07-12 02:56:36,0648,1,华贞,曹红恋
18302820904,15490732767,2019-07-10 09:05:46,3167,1,孙怡,吕柔
14473548449,15178485516,2019-09-06 05:26:37,0283,1,陶欣悦,戚丽红
17519874292,18839074540,2019-09-15 06:04:03,0943,1,卫丹,焦秋菊
16480981069,15178485516,2019-09-04 03:06:50,3005,1,沈丹,戚丽红
18706287692,18302820904,2019-07-22 08:56:43,0910,1,钱溶艳,孙怡
14473548449,18503558939,2019-08-24 05:16:41,2642,1,陶欣悦,华贞
15133295266,18674257265,2019-09-20 03:04:02,0071,1,许婵,褚美丽
19920860202,17519874292,2019-08-10 09:48:29,3291,1,卫艺,卫丹
17325302007,18674257265,2019-09-22 12:46:38,0400,1,缪静欣,褚美丽
19877232369,14473548449,2019-07-26 08:52:14,2968,1,何翠柔,陶欣悦
19920860202,14473548449,2019-09-03 01:18:55,1810,1,卫艺,陶欣悦
13407209608,15596505995,2019-09-08 01:12:07,1761,1,华啟倩,仲采绿
19877232369,18302820904,2019-08-20 04:47:38,1505,1,何翠柔,孙怡
15064972307,15133295266,2019-09-15 05:53:20,2640,1,冯怜云,许婵
19379884788,17868457605,2019-09-22 10:01:20,3451,1,金虹霖,曹红恋
18749966182,18503558939,2019-08-08 08:06:25,0921,1,施梅梅,华贞
19379884788,15133295266,2019-07-03 01:08:13,1304,1,金虹霖,许婵
19335715448,16480981069,2019-08-29 12:52:10,0789,1,魏明艳,沈丹
18674257265,18302820904,2019-09-23 03:56:48,1699,1,褚美丽,孙怡
19379884788,18706287692,2019-09-19 08:41:46,1995,1,金虹霖,钱溶艳
14473548449,15133295266,2019-09-02 10:53:56,0885,1,陶欣悦,许婵
15064972307,17519874292,2019-08-23 09:06:00,1606,1,冯怜云,卫丹
18706287692,15490732767,2019-08-15 11:34:02,1408,1,钱溶艳,吕柔
15133295266,15178485516,2019-07-30 09:48:25,2523,1,许婵,戚丽红
15133295266,15064972307,2019-08-23 11:34:29,1636,1,许婵,冯怜云
13407209608,18302820904,2019-09-14 05:36:30,3429,1,华啟倩,孙怡
15490732767,14473548449,2019-08-21 12:51:23,3417,1,吕柔,陶欣悦
19379884788,15596505995,2019-09-18 12:45:23,3311,1,金虹霖,仲采绿
19879419704,19379884788,2019-08-06 06:09:46,1273,1,吕访琴,金虹霖
15133295266,17519874292,2019-07-14 12:48:24,0599,1,许婵,卫丹
18839074540,18411925860,2019-07-11 08:43:01,0216,1,焦秋菊,仰莉
15133295266,15064972307,2019-08-28 03:48:49,0261,1,许婵,冯怜云
18944239644,18749966182,2019-09-30 05:55:41,2194,1,钱琳,施梅梅
19920860202,18503558939,2019-07-16 02:47:25,3514,1,卫艺,华贞
18749966182,19920860202,2019-09-17 10:04:05,2844,1,施梅梅,卫艺
19379884788,15133295266,2019-09-23 05:19:39,2482,1,金虹霖,许婵
17868457605,17519874292,2019-09-05 10:49:08,1569,1,曹红恋,卫丹
15369468720,15178485516,2019-07-27 10:17:42,3054,1,李雁,戚丽红
19879419704,18302820904,2019-09-18 06:35:35,0018,1,吕访琴,孙怡
15490732767,17519874292,2019-07-28 07:30:41,2888,1,吕柔,卫丹
17868457605,18749966182,2019-07-15 11:32:25,0967,1,曹红恋,施梅梅
18302820904,19920860202,2019-08-13 12:18:33,3597,1,孙怡,卫艺
13407209608,17519874292,2019-07-03 11:08:20,2504,1,华啟倩,卫丹
16480981069,19920860202,2019-09-17 08:53:00,0277,1,沈丹,卫艺
17519874292,15490732767,2019-09-04 01:17:02,1305,1,卫丹,吕柔
15133295266,15369468720,2019-08-25 06:20:35,0409,1,许婵,李雁
19920860202,18839074540,2019-08-12 11:46:31,1705,1,卫艺,焦秋菊
18706287692,15369468720,2019-07-28 09:21:51,2689,1,钱溶艳,李雁
19920860202,15369468720,2019-09-05 09:06:49,2942,1,卫艺,李雁
17868457605,19335715448,2019-09-24 11:21:12,0426,1,曹红恋,魏明艳
15369468720,19877232369,2019-09-11 11:30:31,2698,1,李雁,何翠柔
14473548449,17868457605,2019-07-28 04:01:45,3055,1,陶欣悦,曹红恋
19379884788,19879419704,2019-07-28 11:00:31,1898,1,金虹霖,吕访琴
18674257265,18302820904,2019-08-17 08:55:09,2734,1,褚美丽,孙怡
15133295266,19379884788,2019-07-10 10:49:52,3214,1,许婵,金虹霖
18839074540,18706287692,2019-07-26 07:28:54,0466,1,焦秋菊,钱溶艳
18674257265,18706287692,2019-09-14 08:16:10,2356,1,褚美丽,钱溶艳
19379884788,18839074540,2019-07-07 12:29:59,2380,1,金虹霖,焦秋菊
15596505995,15178485516,2019-08-31 12:17:21,1511,1,仲采绿,戚丽红
17519874292,18944239644,2019-07-03 10:35:01,2324,1,卫丹,钱琳
17868457605,18706287692,2019-09-16 09:59:44,1591,1,曹红恋,钱溶艳
15369468720,18706287692,2019-08-13 07:56:42,1516,1,李雁,钱溶艳
15178485516,16480981069,2019-09-16 05:49:07,3491,1,戚丽红,沈丹
19877232369,17868457605,2019-08-29 09:43:07,0373,1,何翠柔,曹红恋
18302820904,14473548449,2019-08-28 12:25:48,2132,1,孙怡,陶欣悦
19877232369,18706287692,2019-07-23 11:01:26,0585,1,何翠柔,钱溶艳
19877232369,19335715448,2019-09-02 10:54:52,2172,1,何翠柔,魏明艳
19920860202,16480981069,2019-08-17 09:01:53,2140,1,卫艺,沈丹
18749966182,18302820904,2019-09-05 03:29:08,1074,1,施梅梅,孙怡
18839074540,19877232369,2019-08-18 05:05:37,1297,1,焦秋菊,何翠柔
16480981069,18503558939,2019-07-05 07:20:50,3542,1,沈丹,华贞
15369468720,19877232369,2019-08-10 01:53:13,0662,1,李雁,何翠柔
15369468720,16480981069,2019-09-19 10:16:44,0494,1,李雁,沈丹
19335715448,18503558939,2019-09-16 03:51:14,2905,1,魏明艳,华贞
18749966182,15596505995,2019-09-02 05:36:14,2328,1,施梅梅,仲采绿
18839074540,17325302007,2019-09-12 03:36:36,0922,1,焦秋菊,缪静欣
17325302007,18411925860,2019-08-12 02:11:32,1100,1,缪静欣,仰莉
18944239644,18302820904,2019-09-16 09:50:29,0834,1,钱琳,孙怡
17868457605,15369468720,2019-08-14 02:58:05,0897,1,曹红恋,李雁
18839074540,19877232369,2019-07-16 11:18:16,1785,1,焦秋菊,何翠柔
15178485516,17519874292,2019-08-01 09:27:28,0159,1,戚丽红,卫丹
18706287692,19335715448,2019-08-19 02:56:46,1242,1,钱溶艳,魏明艳
15178485516,16480981069,2019-07-23 08:59:48,2908,1,戚丽红,沈丹
18706287692,18302820904,2019-07-31 01:33:46,3091,1,钱溶艳,孙怡
15490732767,15596505995,2019-09-02 09:23:55,3278,1,吕柔,仲采绿
18944239644,17519874292,2019-08-05 08:53:39,1269,1,钱琳,卫丹
15596505995,18302820904,2019-08-06 02:32:25,0699,1,仲采绿,孙怡
18706287692,18411925860,2019-08-26 11:03:27,2931,1,钱溶艳,仰莉
18674257265,18706287692,2019-08-19 10:00:26,2276,1,褚美丽,钱溶艳
18944239644,15369468720,2019-08-14 05:20:50,1774,1,钱琳,李雁
17519874292,15178485516,2019-07-23 08:22:21,1630,1,卫丹,戚丽红
14473548449,13407209608,2019-09-19 08:23:56,1895,1,陶欣悦,华啟倩
18411925860,19879419704,2019-09-20 12:56:12,0532,1,仰莉,吕访琴
15064972307,19879419704,2019-07-07 03:16:15,1967,1,冯怜云,吕访琴
15596505995,15369468720,2019-07-19 06:46:20,3066,1,仲采绿,李雁
19877232369,18411925860,2019-08-17 11:56:06,1789,1,何翠柔,仰莉
18302820904,15596505995,2019-08-07 08:02:29,1495,1,孙怡,仲采绿
18411925860,18749966182,2019-08-13 02:31:36,2142,1,仰莉,施梅梅
18839074540,18411925860,2019-08-28 03:31:29,2849,1,焦秋菊,仰莉
18839074540,18302820904,2019-07-22 04:44:53,2098,1,焦秋菊,孙怡
15596505995,18749966182,2019-07-22 10:45:19,1801,1,仲采绿,施梅梅
15133295266,19920860202,2019-07-22 08:50:23,2379,1,许婵,卫艺
16480981069,15596505995,2019-08-24 09:10:30,0694,1,沈丹,仲采绿
14473548449,19379884788,2019-09-09 06:24:23,0401,1,陶欣悦,金虹霖
15064972307,18839074540,2019-08-25 07:04:14,1545,1,冯怜云,焦秋菊
15133295266,17519874292,2019-09-29 10:29:42,2731,1,许婵,卫丹
18503558939,19379884788,2019-07-28 02:39:57,1573,1,华贞,金虹霖
18706287692,15596505995,2019-08-19 08:17:26,3166,1,钱溶艳,仲采绿
19877232369,15490732767,2019-07-25 05:43:57,2046,1,何翠柔,吕柔
15369468720,15064972307,2019-07-25 03:39:03,1592,1,李雁,冯怜云
17325302007,17868457605,2019-09-30 02:29:02,3513,1,缪静欣,曹红恋
15490732767,18674257265,2019-09-03 05:37:13,1147,1,吕柔,褚美丽
18503558939,17519874292,2019-08-27 08:05:26,1315,1,华贞,卫丹
15596505995,19879419704,2019-08-08 06:50:09,1824,1,仲采绿,吕访琴
18749966182,17868457605,2019-07-14 04:00:52,2609,1,施梅梅,曹红恋
15490732767,18839074540,2019-08-28 03:51:12,0139,1,吕柔,焦秋菊
13407209608,19920860202,2019-08-03 02:02:52,3220,1,华啟倩,卫艺
15596505995,18411925860,2019-08-19 07:52:57,1240,1,仲采绿,仰莉
15064972307,15490732767,2019-08-08 09:47:59,2198,1,冯怜云,吕柔
19379884788,18839074540,2019-08-31 11:48:36,3513,1,金虹霖,焦秋菊
17868457605,19879419704,2019-08-31 04:57:46,3334,1,曹红恋,吕访琴
18944239644,17868457605,2019-07-27 01:48:43,0261,1,钱琳,曹红恋
18411925860,18749966182,2019-08-21 11:57:48,2185,1,仰莉,施梅梅
15133295266,15490732767,2019-09-19 02:36:07,1038,1,许婵,吕柔
17519874292,18839074540,2019-08-03 07:30:29,3265,1,卫丹,焦秋菊
18944239644,19879419704,2019-07-23 12:55:01,0046,1,钱琳,吕访琴
13407209608,18503558939,2019-08-16 02:40:54,1670,1,华啟倩,华贞
19379884788,15490732767,2019-07-16 08:32:54,3589,1,金虹霖,吕柔
19877232369,15133295266,2019-09-05 07:57:09,2144,1,何翠柔,许婵
19920860202,15064972307,2019-08-12 05:36:25,3279,1,卫艺,冯怜云
15064972307,19379884788,2019-09-14 06:14:06,1293,1,冯怜云,金虹霖
19379884788,13407209608,2019-09-05 06:10:35,2925,1,金虹霖,华啟倩
19877232369,13407209608,2019-07-16 05:10:24,3572,1,何翠柔,华啟倩
18674257265,18706287692,2019-09-01 02:30:46,2776,1,褚美丽,钱溶艳
15490732767,19335715448,2019-07-19 05:47:41,2134,1,吕柔,魏明艳
18706287692,18839074540,2019-09-11 05:56:40,0486,1,钱溶艳,焦秋菊
13407209608,17519874292,2019-08-30 06:41:51,0555,1,华啟倩,卫丹
15369468720,15064972307,2019-09-03 12:37:54,0631,1,李雁,冯怜云
17325302007,15133295266,2019-07-20 12:55:13,1152,1,缪静欣,许婵
18674257265,19379884788,2019-08-26 04:20:21,0369,1,褚美丽,金虹霖
18503558939,15178485516,2019-08-22 12:39:21,1684,1,华贞,戚丽红
18411925860,17325302007,2019-08-21 04:22:47,2472,1,仰莉,缪静欣
17325302007,17519874292,2019-08-28 10:57:48,3563,1,缪静欣,卫丹
19335715448,15064972307,2019-08-08 10:52:58,3503,1,魏明艳,冯怜云
18749966182,19877232369,2019-09-26 11:38:09,3166,1,施梅梅,何翠柔
17519874292,19379884788,2019-09-23 07:32:57,3001,1,卫丹,金虹霖
18839074540,15596505995,2019-08-23 12:22:39,3567,1,焦秋菊,仲采绿
18839074540,15133295266,2019-09-30 06:02:32,1212,1,焦秋菊,许婵
17868457605,18944239644,2019-07-20 12:26:54,2094,1,曹红恋,钱琳
18503558939,17325302007,2019-08-06 08:10:29,0642,1,华贞,缪静欣
15178485516,15064972307,2019-07-09 01:56:03,0016,1,戚丽红,冯怜云
19920860202,19879419704,2019-07-24 10:02:56,2382,1,卫艺,吕访琴
18302820904,18749966182,2019-07-21 03:47:36,2368,1,孙怡,施梅梅
15596505995,18706287692,2019-07-07 08:18:08,3467,1,仲采绿,钱溶艳
18503558939,15369468720,2019-08-27 05:50:38,2031,1,华贞,李雁
17519874292,17868457605,2019-08-03 10:37:13,2419,1,卫丹,曹红恋
18503558939,18749966182,2019-09-19 09:50:16,0657,1,华贞,施梅梅
14473548449,17325302007,2019-09-15 10:40:00,3037,1,陶欣悦,缪静欣
18749966182,19920860202,2019-07-11 10:47:16,1166,1,施梅梅,卫艺
13407209608,19877232369,2019-09-26 01:35:33,0200,1,华啟倩,何翠柔
19877232369,18302820904,2019-07-15 01:41:48,1008,1,何翠柔,孙怡
18944239644,18503558939,2019-07-11 12:16:35,0721,1,钱琳,华贞
13407209608,17868457605,2019-09-01 08:50:56,1908,1,华啟倩,曹红恋
18411925860,14473548449,2019-09-20 12:27:19,0027,1,仰莉,陶欣悦
18749966182,19877232369,2019-07-30 12:49:11,2298,1,施梅梅,何翠柔
14473548449,18944239644,2019-07-19 06:54:02,1920,1,陶欣悦,钱琳
14473548449,15490732767,2019-07-09 12:21:21,0736,1,陶欣悦,吕柔
15133295266,13407209608,2019-10-01 08:47:39,0366,1,许婵,华啟倩
18411925860,15133295266,2019-09-24 02:17:15,3539,1,仰莉,许婵
15133295266,18411925860,2019-07-16 08:27:58,1587,1,许婵,仰莉
15133295266,17868457605,2019-09-16 02:37:41,1914,1,许婵,曹红恋
18503558939,19335715448,2019-08-18 11:38:28,3592,1,华贞,魏明艳
18411925860,15133295266,2019-09-28 06:00:41,0017,1,仰莉,许婵
18839074540,15596505995,2019-07-29 11:21:37,2434,1,焦秋菊,仲采绿
15178485516,19877232369,2019-09-22 04:37:55,3433,1,戚丽红,何翠柔
15064972307,17519874292,2019-08-06 03:43:38,1719,1,冯怜云,卫丹
15369468720,17868457605,2019-08-29 11:50:19,0887,1,李雁,曹红恋
15133295266,13407209608,2019-07-04 07:38:14,2846,1,许婵,华啟倩
18749966182,18302820904,2019-07-27 11:32:18,1702,1,施梅梅,孙怡
15596505995,19335715448,2019-07-22 06:38:47,1133,1,仲采绿,魏明艳
18749966182,18839074540,2019-07-30 02:34:03,1602,1,施梅梅,焦秋菊
18706287692,16480981069,2019-08-21 01:08:04,3078,1,钱溶艳,沈丹
18706287692,14473548449,2019-09-28 11:11:19,2377,1,钱溶艳,陶欣悦
18944239644,18503558939,2019-08-06 04:55:18,1719,1,钱琳,华贞
17325302007,15178485516,2019-07-18 10:51:54,3002,1,缪静欣,戚丽红
17868457605,18503558939,2019-09-12 06:29:29,2755,1,曹红恋,华贞
15490732767,17868457605,2019-09-23 06:28:11,3144,1,吕柔,曹红恋
19877232369,15490732767,2019-08-10 04:58:46,0578,1,何翠柔,吕柔
18674257265,19379884788,2019-07-12 06:05:34,3234,1,褚美丽,金虹霖
18411925860,18749966182,2019-07-22 09:04:46,2271,1,仰莉,施梅梅
15369468720,16480981069,2019-08-05 05:35:22,0638,1,李雁,沈丹
15133295266,18411925860,2019-09-12 01:01:47,0547,1,许婵,仰莉
15596505995,18411925860,2019-07-16 09:02:22,0323,1,仲采绿,仰莉
15064972307,18411925860,2019-09-15 05:49:52,2668,1,冯怜云,仰莉
14473548449,19379884788,2019-07-18 06:15:47,1716,1,陶欣悦,金虹霖
15490732767,15596505995,2019-09-18 03:51:08,0109,1,吕柔,仲采绿
17868457605,15133295266,2019-07-20 02:33:25,3593,1,曹红恋,许婵
18749966182,18674257265,2019-07-07 06:59:01,2228,1,施梅梅,褚美丽
19335715448,18674257265,2019-08-10 09:48:11,1269,1,魏明艳,褚美丽
15369468720,18302820904,2019-07-23 12:29:22,2499,1,李雁,孙怡
19335715448,18302820904,2019-07-29 10:06:24,1727,1,魏明艳,孙怡
18839074540,19379884788,2019-09-26 10:43:18,2352,1,焦秋菊,金虹霖
19879419704,18749966182,2019-07-17 05:07:10,0381,1,吕访琴,施梅梅
19920860202,14473548449,2019-08-13 12:50:41,2609,1,卫艺,陶欣悦
18411925860,16480981069,2019-07-29 06:12:29,0873,1,仰莉,沈丹
19920860202,19877232369,2019-07-09 10:43:54,2931,1,卫艺,何翠柔
19920860202,16480981069,2019-08-03 06:37:08,1836,1,卫艺,沈丹
19335715448,13407209608,2019-09-16 03:11:16,0281,1,魏明艳,华啟倩
19879419704,18706287692,2019-09-24 06:47:49,1398,1,吕访琴,钱溶艳
13407209608,15490732767,2019-09-19 12:39:27,3418,1,华啟倩,吕柔
18411925860,18749966182,2019-09-27 02:01:06,2768,1,仰莉,施梅梅
18302820904,15596505995,2019-09-08 10:34:02,2207,1,孙怡,仲采绿
15064972307,18503558939,2019-07-25 03:29:15,1485,1,冯怜云,华贞
15369468720,18839074540,2019-08-28 11:28:04,0595,1,李雁,焦秋菊
19877232369,15064972307,2019-07-25 02:03:34,0656,1,何翠柔,冯怜云
19879419704,15064972307,2019-07-10 02:07:34,3408,1,吕访琴,冯怜云
19877232369,15596505995,2019-09-06 05:44:27,0578,1,何翠柔,仲采绿
19379884788,18749966182,2019-09-23 01:43:28,2831,1,金虹霖,施梅梅
17868457605,19879419704,2019-07-23 12:07:48,0063,1,曹红恋,吕访琴
17325302007,15178485516,2019-07-22 03:19:38,0525,1,缪静欣,戚丽红
19379884788,18839074540,2019-08-07 10:56:34,0866,1,金虹霖,焦秋菊
15178485516,19920860202,2019-09-05 08:45:41,1441,1,戚丽红,卫艺
17519874292,15064972307,2019-08-01 09:47:41,0326,1,卫丹,冯怜云
18674257265,19379884788,2019-09-28 03:04:57,2693,1,褚美丽,金虹霖
19920860202,17868457605,2019-09-16 10:22:57,1425,1,卫艺,曹红恋
18944239644,15369468720,2019-09-24 08:45:56,1736,1,钱琳,李雁
19379884788,15369468720,2019-07-14 12:13:44,1984,1,金虹霖,李雁
18706287692,18944239644,2019-07-18 05:47:27,2220,1,钱溶艳,钱琳
15133295266,15178485516,2019-08-02 12:49:38,0248,1,许婵,戚丽红
18674257265,17325302007,2019-07-12 08:44:54,2120,1,褚美丽,缪静欣
15064972307,19879419704,2019-08-06 07:54:20,2694,1,冯怜云,吕访琴
15369468720,14473548449,2019-07-14 10:02:01,1948,1,李雁,陶欣悦
19379884788,18411925860,2019-08-16 09:33:11,1629,1,金虹霖,仰莉
15369468720,19877232369,2019-07-22 05:45:41,1964,1,李雁,何翠柔
18944239644,15596505995,2019-07-09 07:50:46,2632,1,钱琳,仲采绿
18503558939,18839074540,2019-07-19 02:05:57,2001,1,华贞,焦秋菊
17519874292,14473548449,2019-08-01 10:51:58,2832,1,卫丹,陶欣悦
18411925860,19877232369,2019-07-06 06:11:17,0662,1,仰莉,何翠柔
18411925860,18749966182,2019-07-10 09:44:43,0391,1,仰莉,施梅梅
15178485516,18706287692,2019-08-22 06:38:25,0153,1,戚丽红,钱溶艳
15064972307,18674257265,2019-08-12 11:42:46,2359,1,冯怜云,褚美丽
15596505995,14473548449,2019-09-30 05:29:23,2900,1,仲采绿,陶欣悦
18503558939,14473548449,2019-08-08 10:33:12,2637,1,华贞,陶欣悦
18749966182,18503558939,2019-07-11 04:00:15,2707,1,施梅梅,华贞
15064972307,18706287692,2019-08-01 09:52:35,3460,1,冯怜云,钱溶艳
18302820904,15490732767,2019-09-06 06:46:00,2948,1,孙怡,吕柔
15490732767,14473548449,2019-09-22 04:36:32,3528,1,吕柔,陶欣悦
19379884788,14473548449,2019-07-23 06:25:57,1537,1,金虹霖,陶欣悦
19379884788,17325302007,2019-09-21 12:07:00,2791,1,金虹霖,缪静欣
15369468720,18411925860,2019-09-11 01:33:42,2165,1,李雁,仰莉
19379884788,15133295266,2019-09-16 10:21:21,2829,1,金虹霖,许婵
15490732767,19379884788,2019-07-27 09:56:44,0569,1,吕柔,金虹霖
14473548449,15133295266,2019-08-22 06:28:02,0627,1,陶欣悦,许婵
18503558939,19877232369,2019-07-25 09:49:11,3502,1,华贞,何翠柔
15178485516,19877232369,2019-07-12 09:13:01,3280,1,戚丽红,何翠柔
17519874292,15369468720,2019-07-19 11:22:49,2174,1,卫丹,李雁
17868457605,18411925860,2019-08-04 08:41:11,2038,1,曹红恋,仰莉
15369468720,17519874292,2019-07-08 11:00:18,2832,1,李雁,卫丹
16480981069,17868457605,2019-09-05 12:37:31,3421,1,沈丹,曹红恋
19920860202,17519874292,2019-07-03 06:35:03,2062,1,卫艺,卫丹
19335715448,15596505995,2019-07-30 02:51:58,0017,1,魏明艳,仲采绿
18503558939,15178485516,2019-08-06 06:22:24,0465,1,华贞,戚丽红
17868457605,15369468720,2019-09-17 05:12:41,2081,1,曹红恋,李雁
18706287692,17325302007,2019-09-08 05:45:58,1691,1,钱溶艳,缪静欣
18674257265,19920860202,2019-09-23 04:11:52,3570,1,褚美丽,卫艺
14473548449,15369468720,2019-08-15 08:24:06,2292,1,陶欣悦,李雁
13407209608,19920860202,2019-08-01 04:08:43,1915,1,华啟倩,卫艺
14473548449,18706287692,2019-07-03 06:00:18,0376,1,陶欣悦,钱溶艳
16480981069,18749966182,2019-07-07 03:53:35,0963,1,沈丹,施梅梅
15369468720,18749966182,2019-09-17 05:22:23,1520,1,李雁,施梅梅
15178485516,19379884788,2019-08-25 06:38:09,3008,1,戚丽红,金虹霖
14473548449,15490732767,2019-07-08 04:54:38,1316,1,陶欣悦,吕柔
15490732767,19335715448,2019-09-17 12:15:35,0324,1,吕柔,魏明艳
15596505995,14473548449,2019-09-08 09:07:03,0427,1,仲采绿,陶欣悦
17519874292,13407209608,2019-07-03 05:35:15,2733,1,卫丹,华啟倩
17519874292,15133295266,2019-08-29 07:26:40,0916,1,卫丹,许婵
15178485516,18749966182,2019-09-25 07:56:16,1809,1,戚丽红,施梅梅
18411925860,17519874292,2019-09-26 05:54:35,1917,1,仰莉,卫丹
18749966182,15369468720,2019-09-19 01:24:35,0066,1,施梅梅,李雁
13407209608,15369468720,2019-07-11 01:53:48,2828,1,华啟倩,李雁
17868457605,18411925860,2019-09-10 09:17:17,0318,1,曹红恋,仰莉
18503558939,15133295266,2019-09-25 02:31:30,1486,1,华贞,许婵
15178485516,17325302007,2019-08-16 09:59:17,2560,1,戚丽红,缪静欣
15178485516,17519874292,2019-08-12 01:00:58,0897,1,戚丽红,卫丹
18411925860,17868457605,2019-08-04 03:56:16,2573,1,仰莉,曹红恋
18944239644,18839074540,2019-08-01 11:26:46,2996,1,钱琳,焦秋菊
15064972307,18302820904,2019-07-23 06:48:22,1777,1,冯怜云,孙怡
18503558939,19879419704,2019-09-03 04:18:01,1206,1,华贞,吕访琴
15133295266,16480981069,2019-09-24 12:29:03,2757,1,许婵,沈丹
19877232369,13407209608,2019-09-15 11:13:57,2457,1,何翠柔,华啟倩
17325302007,15596505995,2019-08-15 11:13:34,1777,1,缪静欣,仲采绿
19920860202,18411925860,2019-09-27 01:26:18,2246,1,卫艺,仰莉
18706287692,16480981069,2019-10-01 10:21:08,1304,1,钱溶艳,沈丹
18302820904,19877232369,2019-07-16 02:02:33,2812,1,孙怡,何翠柔
16480981069,18503558939,2019-08-20 10:55:38,1665,1,沈丹,华贞
18839074540,19920860202,2019-07-03 04:54:50,3376,1,焦秋菊,卫艺
18302820904,19920860202,2019-08-30 07:48:38,0252,1,孙怡,卫艺
15133295266,15596505995,2019-09-06 12:18:37,0340,1,许婵,仲采绿
19920860202,18706287692,2019-08-24 02:29:49,2397,1,卫艺,钱溶艳
19920860202,19879419704,2019-08-27 03:45:35,0202,1,卫艺,吕访琴
15178485516,19879419704,2019-09-22 12:08:28,2148,1,戚丽红,吕访琴
15369468720,16480981069,2019-07-30 08:35:03,2056,1,李雁,沈丹
19335715448,14473548449,2019-08-06 04:10:55,0043,1,魏明艳,陶欣悦
15369468720,18411925860,2019-07-14 06:28:25,1060,1,李雁,仰莉
18839074540,15596505995,2019-09-30 01:38:08,2928,1,焦秋菊,仲采绿
19920860202,15596505995,2019-07-11 05:14:04,0683,1,卫艺,仲采绿
19877232369,15596505995,2019-09-24 12:32:26,1629,1,何翠柔,仲采绿
13407209608,18411925860,2019-08-12 04:15:04,1756,1,华啟倩,仰莉
18944239644,15490732767,2019-09-09 10:36:22,0189,1,钱琳,吕柔
19335715448,18944239644,2019-09-18 02:58:47,0453,1,魏明艳,钱琳
13407209608,19879419704,2019-09-03 06:14:23,3259,1,华啟倩,吕访琴
18302820904,17325302007,2019-09-28 01:19:33,0652,1,孙怡,缪静欣
15064972307,18749966182,2019-07-15 05:00:29,2283,1,冯怜云,施梅梅
18503558939,15490732767,2019-07-06 02:54:06,2662,1,华贞,吕柔
18706287692,15369468720,2019-07-12 09:42:22,1526,1,钱溶艳,李雁
13407209608,15133295266,2019-09-23 05:26:24,3537,1,华啟倩,许婵
15596505995,18411925860,2019-07-11 07:08:30,0525,1,仲采绿,仰莉
18503558939,16480981069,2019-10-01 09:31:42,0925,1,华贞,沈丹
17868457605,18839074540,2019-09-20 09:25:22,0807,1,曹红恋,焦秋菊
14473548449,17868457605,2019-08-27 05:15:33,1034,1,陶欣悦,曹红恋
19920860202,18749966182,2019-07-19 06:48:22,2431,1,卫艺,施梅梅
19920860202,14473548449,2019-09-29 05:15:13,3240,1,卫艺,陶欣悦
18944239644,18503558939,2019-07-12 08:07:13,2839,1,钱琳,华贞
18839074540,18411925860,2019-09-26 12:57:43,1229,1,焦秋菊,仰莉
15490732767,16480981069,2019-08-02 06:40:01,0585,1,吕柔,沈丹
17868457605,14473548449,2019-08-19 06:38:49,1705,1,曹红恋,陶欣悦
19379884788,15064972307,2019-07-07 09:12:29,1926,1,金虹霖,冯怜云
17519874292,16480981069,2019-09-01 11:00:28,2654,1,卫丹,沈丹
18503558939,15178485516,2019-07-19 04:33:28,2828,1,华贞,戚丽红
18749966182,18503558939,2019-08-09 06:39:13,0762,1,施梅梅,华贞
15596505995,16480981069,2019-07-16 05:16:21,1807,1,仲采绿,沈丹
15490732767,18674257265,2019-09-28 10:24:15,0317,1,吕柔,褚美丽
18302820904,18674257265,2019-07-08 03:28:29,2806,1,孙怡,褚美丽
15369468720,15178485516,2019-08-01 08:07:29,2316,1,李雁,戚丽红
18674257265,18302820904,2019-09-03 09:38:05,0424,1,褚美丽,孙怡
18706287692,19877232369,2019-09-12 05:25:57,2612,1,钱溶艳,何翠柔
14473548449,18706287692,2019-09-22 03:32:45,1729,1,陶欣悦,钱溶艳
19877232369,19335715448,2019-07-12 03:31:22,3489,1,何翠柔,魏明艳
19879419704,19920860202,2019-08-04 07:15:15,0515,1,吕访琴,卫艺
17519874292,18411925860,2019-09-10 11:18:15,0121,1,卫丹,仰莉
18302820904,18749966182,2019-07-18 03:45:24,3559,1,孙怡,施梅梅
18302820904,19335715448,2019-08-02 11:15:42,1859,1,孙怡,魏明艳
15133295266,18503558939,2019-09-20 11:52:26,1833,1,许婵,华贞
19920860202,14473548449,2019-09-18 06:26:24,1551,1,卫艺,陶欣悦
19877232369,17325302007,2019-09-02 09:42:13,0165,1,何翠柔,缪静欣
15133295266,18411925860,2019-09-15 05:58:04,1423,1,许婵,仰莉
15064972307,19879419704,2019-09-13 05:03:36,0095,1,冯怜云,吕访琴
16480981069,18944239644,2019-07-26 04:30:57,3338,1,沈丹,钱琳
15133295266,18839074540,2019-07-20 05:18:25,0818,1,许婵,焦秋菊
16480981069,18706287692,2019-09-08 05:06:18,1756,1,沈丹,钱溶艳
18411925860,19379884788,2019-07-18 04:59:25,1162,1,仰莉,金虹霖
18411925860,15133295266,2019-08-19 08:39:57,0608,1,仰莉,许婵
18839074540,15369468720,2019-09-01 07:40:30,0898,1,焦秋菊,李雁
15490732767,18674257265,2019-07-13 07:45:18,0623,1,吕柔,褚美丽
18503558939,18411925860,2019-10-01 08:23:50,0522,1,华贞,仰莉
19920860202,19879419704,2019-09-26 03:50:24,1695,1,卫艺,吕访琴
15064972307,15369468720,2019-08-28 01:07:44,3207,1,冯怜云,李雁
18674257265,15133295266,2019-09-21 01:33:09,1054,1,褚美丽,许婵
18944239644,15369468720,2019-07-07 09:40:18,1881,1,钱琳,李雁
19879419704,14473548449,2019-09-27 11:19:11,1216,1,吕访琴,陶欣悦
18839074540,19335715448,2019-07-05 02:22:45,0094,1,焦秋菊,魏明艳
18674257265,19877232369,2019-07-26 01:46:51,3071,1,褚美丽,何翠柔
17519874292,19335715448,2019-08-20 01:07:00,1069,1,卫丹,魏明艳
18839074540,15369468720,2019-07-09 01:23:23,3505,1,焦秋菊,李雁
19920860202,19877232369,2019-07-31 04:51:47,0979,1,卫艺,何翠柔
19920860202,16480981069,2019-09-07 02:37:09,3480,1,卫艺,沈丹
19920860202,18503558939,2019-07-05 02:21:48,1843,1,卫艺,华贞
19920860202,18749966182,2019-08-27 12:09:46,1008,1,卫艺,施梅梅
19335715448,19877232369,2019-09-28 06:14:05,2696,1,魏明艳,何翠柔
16480981069,13407209608,2019-08-02 08:32:56,1912,1,沈丹,华啟倩
19877232369,16480981069,2019-07-30 10:56:19,0610,1,何翠柔,沈丹
19879419704,15133295266,2019-07-08 06:34:01,3027,1,吕访琴,许婵
17519874292,17325302007,2019-07-13 11:00:51,1637,1,卫丹,缪静欣
16480981069,14473548449,2019-08-24 01:54:57,0529,1,沈丹,陶欣悦
18302820904,19877232369,2019-08-18 05:59:34,3043,1,孙怡,何翠柔
15133295266,18839074540,2019-07-28 07:28:55,1434,1,许婵,焦秋菊
18706287692,13407209608,2019-09-21 08:23:20,2701,1,钱溶艳,华啟倩
17868457605,15369468720,2019-08-25 02:38:48,2784,1,曹红恋,李雁
17325302007,15064972307,2019-07-08 05:10:48,2418,1,缪静欣,冯怜云
18674257265,18302820904,2019-07-18 07:02:18,1130,1,褚美丽,孙怡
15133295266,19335715448,2019-08-28 09:10:37,1661,1,许婵,魏明艳
15178485516,17868457605,2019-07-04 04:07:32,2243,1,戚丽红,曹红恋
18839074540,19335715448,2019-10-01 06:41:51,0655,1,焦秋菊,魏明艳
15369468720,18503558939,2019-08-07 10:04:04,1871,1,李雁,华贞
18503558939,19877232369,2019-09-20 09:56:29,0328,1,华贞,何翠柔
18503558939,15064972307,2019-07-08 01:13:19,2858,1,华贞,冯怜云
15369468720,18749966182,2019-07-13 08:28:50,1862,1,李雁,施梅梅
